Info: Starting: Create block symbol file (.bsf)
Info: ip-generate --project-directory=Z:/cpen391/VHDLRefresher/exercise/NIOS/ --output-directory=Z:/cpen391/VHDLRefresher/exercise/NIOS/nios_e_system/ --report-file=bsf:Z:/cpen391/VHDLRefresher/exercise/NIOS/nios_e_system.bsf --system-info=DEVICE_FAMILY="Cyclone II" --system-info=DEVICE=EP2C35F672C6 --system-info=DEVICE_SPEEDGRADE=6 --component-file=Z:/cpen391/VHDLRefresher/exercise/NIOS/nios_e_system.qsys
Progress: Loading NIOS/nios_e_system.qsys
Progress: Reading input file
Progress: Adding clk_0 [clock_source 13.0]
Progress: Parameterizing module clk_0
Progress: Adding nios2_qsys_0 [altera_nios2_qsys 13.0]
Progress: Parameterizing module nios2_qsys_0
Progress: Adding timer_0 [altera_avalon_timer 13.0.1.99.2]
Progress: Parameterizing module timer_0
Progress: Adding onchip_memory2_0 [altera_avalon_onchip_memory2 13.0.1.99.2]
Progress: Parameterizing module onchip_memory2_0
Progress: Adding sdram [altera_avalon_new_sdram_controller 13.0.1.99.2]
Progress: Parameterizing module sdram
Progress: Adding up_clocks_0 [altera_up_clocks 13.0]
Progress: Parameterizing module up_clocks_0
Progress: Adding jtag_uart_0 [altera_avalon_jtag_uart 13.0.1.99.2]
Progress: Parameterizing module jtag_uart_0
Progress: Adding timer_1 [altera_avalon_timer 13.0.1.99.2]
Progress: Parameterizing module timer_1
Progress: Building connections
Progress: Parameterizing connections
Progress: Validating
Progress: Done reading input file
Info: ip-generate succeeded.
Info: Finished: Create block symbol file (.bsf)
Info: 
Info: Starting: Create HDL design files for synthesis
Info: ip-generate --project-directory=Z:/cpen391/VHDLRefresher/exercise/NIOS/ --output-directory=Z:/cpen391/VHDLRefresher/exercise/NIOS/nios_e_system/synthesis/ --file-set=QUARTUS_SYNTH --report-file=sopcinfo:Z:/cpen391/VHDLRefresher/exercise/NIOS/nios_e_system.sopcinfo --report-file=html:Z:/cpen391/VHDLRefresher/exercise/NIOS/nios_e_system.html --report-file=qip:Z:/cpen391/VHDLRefresher/exercise/NIOS/nios_e_system/synthesis/nios_e_system.qip --report-file=cmp:Z:/cpen391/VHDLRefresher/exercise/NIOS/nios_e_system.cmp --report-file=svd --system-info=DEVICE_FAMILY="Cyclone II" --system-info=DEVICE=EP2C35F672C6 --system-info=DEVICE_SPEEDGRADE=6 --component-file=Z:/cpen391/VHDLRefresher/exercise/NIOS/nios_e_system.qsys --language=VHDL
Progress: Loading NIOS/nios_e_system.qsys
Progress: Reading input file
Progress: Adding clk_0 [clock_source 13.0]
Progress: Parameterizing module clk_0
Progress: Adding nios2_qsys_0 [altera_nios2_qsys 13.0]
Progress: Parameterizing module nios2_qsys_0
Progress: Adding timer_0 [altera_avalon_timer 13.0.1.99.2]
Progress: Parameterizing module timer_0
Progress: Adding onchip_memory2_0 [altera_avalon_onchip_memory2 13.0.1.99.2]
Progress: Parameterizing module onchip_memory2_0
Progress: Adding sdram [altera_avalon_new_sdram_controller 13.0.1.99.2]
Progress: Parameterizing module sdram
Progress: Adding up_clocks_0 [altera_up_clocks 13.0]
Progress: Parameterizing module up_clocks_0
Progress: Adding jtag_uart_0 [altera_avalon_jtag_uart 13.0.1.99.2]
Progress: Parameterizing module jtag_uart_0
Progress: Adding timer_1 [altera_avalon_timer 13.0.1.99.2]
Progress: Parameterizing module timer_1
Progress: Building connections
Progress: Parameterizing connections
Progress: Validating
Progress: Done reading input file
Info: nios_e_system: Generating nios_e_system "nios_e_system" for QUARTUS_SYNTH
Info: pipeline_bridge_swap_transform: After transform: 8 modules, 33 connections
Info: No custom instruction connections, skipping transform 
Info: merlin_translator_transform: After transform: 16 modules, 65 connections
Info: merlin_domain_transform: After transform: 32 modules, 168 connections
Info: merlin_router_transform: After transform: 40 modules, 200 connections
Info: merlin_traffic_limiter_transform: After transform: 42 modules, 210 connections
Info: merlin_burst_transform: After transform: 43 modules, 214 connections
Info: reset_adaptation_transform: After transform: 45 modules, 171 connections
Info: merlin_network_to_switch_transform: After transform: 60 modules, 205 connections
Info: merlin_width_transform: After transform: 62 modules, 211 connections
Info: limiter_update_transform: After transform: 62 modules, 213 connections
Info: merlin_mm_transform: After transform: 62 modules, 213 connections
Info: merlin_interrupt_mapper_transform: After transform: 63 modules, 216 connections
Warning: nios_e_system: "No matching role found for rst_controller:reset_out:reset_req (reset_req)"
Warning: nios_e_system: "No matching role found for rst_controller:reset_out:reset_req (reset_req)"
Warning: nios_e_system: "No matching role found for rst_controller:reset_out:reset_req (reset_req)"
Warning: nios_e_system: "No matching role found for rst_controller:reset_out:reset_req (reset_req)"
Warning: nios_e_system: "No matching role found for rst_controller:reset_out:reset_req (reset_req)"
Warning: nios_e_system: "No matching role found for rst_controller:reset_out:reset_req (reset_req)"
Warning: nios_e_system: "No matching role found for rst_controller:reset_out:reset_req (reset_req)"
Warning: nios_e_system: "No matching role found for rst_controller:reset_out:reset_req (reset_req)"
Warning: nios_e_system: "No matching role found for rst_controller:reset_out:reset_req (reset_req)"
Warning: nios_e_system: "No matching role found for rst_controller:reset_out:reset_req (reset_req)"
Warning: nios_e_system: "No matching role found for rst_controller:reset_out:reset_req (reset_req)"
Warning: nios_e_system: "No matching role found for rst_controller:reset_out:reset_req (reset_req)"
Warning: nios_e_system: "No matching role found for rst_controller:reset_out:reset_req (reset_req)"
Warning: nios_e_system: "No matching role found for rst_controller:reset_out:reset_req (reset_req)"
Warning: nios_e_system: "No matching role found for rst_controller:reset_out:reset_req (reset_req)"
Warning: nios_e_system: "No matching role found for rst_controller:reset_out:reset_req (reset_req)"
Warning: nios_e_system: "No matching role found for rst_controller:reset_out:reset_req (reset_req)"
Warning: nios_e_system: "No matching role found for rst_controller:reset_out:reset_req (reset_req)"
Warning: nios_e_system: "No matching role found for rst_controller:reset_out:reset_req (reset_req)"
Warning: nios_e_system: "No matching role found for rst_controller:reset_out:reset_req (reset_req)"
Warning: nios_e_system: "No matching role found for rst_controller:reset_out:reset_req (reset_req)"
Warning: nios_e_system: "No matching role found for rst_controller:reset_out:reset_req (reset_req)"
Warning: nios_e_system: "No matching role found for rst_controller:reset_out:reset_req (reset_req)"
Warning: nios_e_system: "No matching role found for rst_controller:reset_out:reset_req (reset_req)"
Warning: nios_e_system: "No matching role found for rst_controller:reset_out:reset_req (reset_req)"
Warning: nios_e_system: "No matching role found for rst_controller:reset_out:reset_req (reset_req)"
Warning: nios_e_system: "No matching role found for rst_controller:reset_out:reset_req (reset_req)"
Warning: nios_e_system: "No matching role found for rst_controller:reset_out:reset_req (reset_req)"
Warning: nios_e_system: "No matching role found for rst_controller:reset_out:reset_req (reset_req)"
Warning: nios_e_system: "No matching role found for rst_controller:reset_out:reset_req (reset_req)"
Warning: nios_e_system: "No matching role found for rst_controller:reset_out:reset_req (reset_req)"
Warning: nios_e_system: "No matching role found for rst_controller:reset_out:reset_req (reset_req)"
Warning: nios_e_system: "No matching role found for rst_controller:reset_out:reset_req (reset_req)"
Warning: nios_e_system: "No matching role found for rst_controller:reset_out:reset_req (reset_req)"
Warning: nios_e_system: "No matching role found for rst_controller:reset_out:reset_req (reset_req)"
Warning: nios_e_system: "No matching role found for rst_controller:reset_out:reset_req (reset_req)"
Warning: nios_e_system: "No matching role found for rst_controller:reset_out:reset_req (reset_req)"
Warning: nios_e_system: "No matching role found for rst_controller:reset_out:reset_req (reset_req)"
Warning: nios_e_system: "No matching role found for rst_controller:reset_out:reset_req (reset_req)"
Warning: nios_e_system: "No matching role found for rst_controller:reset_out:reset_req (reset_req)"
Warning: nios_e_system: "No matching role found for rst_controller:reset_out:reset_req (reset_req)"
Warning: nios_e_system: "No matching role found for rst_controller:reset_out:reset_req (reset_req)"
Warning: nios_e_system: "No matching role found for rst_controller:reset_out:reset_req (reset_req)"
Warning: nios_e_system: "No matching role found for rst_controller:reset_out:reset_req (reset_req)"
Warning: nios_e_system: "No matching role found for rst_controller:reset_out:reset_req (reset_req)"
Warning: nios_e_system: "No matching role found for rst_controller:reset_out:reset_req (reset_req)"
Warning: nios_e_system: "No matching role found for rst_controller:reset_out:reset_req (reset_req)"
Warning: nios_e_system: "No matching role found for rst_controller:reset_out:reset_req (reset_req)"
Warning: nios_e_system: "No matching role found for rst_controller:reset_out:reset_req (reset_req)"
Warning: nios_e_system: "No matching role found for rst_controller:reset_out:reset_req (reset_req)"
Warning: nios_e_system: "No matching role found for rst_controller:reset_out:reset_req (reset_req)"
Warning: nios_e_system: "No matching role found for rst_controller:reset_out:reset_req (reset_req)"
Warning: nios_e_system: "No matching role found for rst_controller:reset_out:reset_req (reset_req)"
Warning: nios_e_system: "No matching role found for rst_controller:reset_out:reset_req (reset_req)"
Warning: nios_e_system: "No matching role found for rst_controller:reset_out:reset_req (reset_req)"
Warning: nios_e_system: "No matching role found for rst_controller:reset_out:reset_req (reset_req)"
Warning: nios_e_system: "No matching role found for rst_controller:reset_out:reset_req (reset_req)"
Warning: nios_e_system: "No matching role found for rst_controller:reset_out:reset_req (reset_req)"
Info: nios2_qsys_0: Starting RTL generation for module 'nios_e_system_nios2_qsys_0'
Info: nios2_qsys_0:   Generation command is [exec C:/altera/13.0sp1/quartus/../ip/altera/nios2_ip/altera_nios2/eperl.exe -I C:/altera/13.0sp1/quartus/common/ip/altera/common/perl/5.8.3 -I C:/altera/13.0sp1/quartus/sopc_builder/bin/europa -I C:/altera/13.0sp1/quartus/sopc_builder/bin/perl_lib -I C:/altera/13.0sp1/quartus/sopc_builder/bin -I C:/altera/13.0sp1/quartus/../ip/altera/nios2_ip/altera_nios2/cpu_lib -I C:/altera/13.0sp1/quartus/../ip/altera/nios2_ip/altera_nios2/nios_lib -I C:/altera/13.0sp1/quartus/../ip/altera/nios2_ip/altera_nios2 -I C:/altera/13.0sp1/quartus/../ip/altera/nios2_ip/altera_nios2 -- C:/altera/13.0sp1/quartus/../ip/altera/nios2_ip/altera_nios2/generate_rtl.epl --name=nios_e_system_nios2_qsys_0 --dir=C:/Users/a5a9/AppData/Local/Temp/alt7184_7393393677117123290.dir/0001_nios2_qsys_0_gen/ --quartus_dir=C:/altera/13.0sp1/quartus --verilog --config=C:/Users/a5a9/AppData/Local/Temp/alt7184_7393393677117123290.dir/0001_nios2_qsys_0_gen//nios_e_system_nios2_qsys_0_processor_configuration.pl  --do_build_sim=0    --bogus  ]
Info: nios2_qsys_0: # 2017.01.17 19:09:31 (*) Starting Nios II generation
Info: nios2_qsys_0: # 2017.01.17 19:09:31 (*)   Checking for plaintext license.
Info: nios2_qsys_0: # 2017.01.17 19:09:32 (*)   Couldn't query license setup in Quartus directory C:/altera/13.0sp1/quartus
Info: nios2_qsys_0: # 2017.01.17 19:09:32 (*)   Defaulting to contents of LM_LICENSE_FILE environment variable
Info: nios2_qsys_0: # 2017.01.17 19:09:32 (*)   Plaintext license not found.
Info: nios2_qsys_0: # 2017.01.17 19:09:32 (*)   Checking for encrypted license (non-evaluation).
Info: nios2_qsys_0: # 2017.01.17 19:09:32 (*)   Couldn't query license setup in Quartus directory C:/altera/13.0sp1/quartus
Info: nios2_qsys_0: # 2017.01.17 19:09:32 (*)   Defaulting to contents of LM_LICENSE_FILE environment variable
Info: nios2_qsys_0: # 2017.01.17 19:09:32 (*)   Encrypted license found.  SOF will not be time-limited.
Info: nios2_qsys_0: # 2017.01.17 19:09:32 (*)   Elaborating CPU configuration settings
Info: nios2_qsys_0: # 2017.01.17 19:09:32 (*)   Creating all objects for CPU
Info: nios2_qsys_0: # 2017.01.17 19:09:32 (*)     Testbench
Info: nios2_qsys_0: # 2017.01.17 19:09:33 (*)     Instruction decoding
Info: nios2_qsys_0: # 2017.01.17 19:09:33 (*)       Instruction fields
Info: nios2_qsys_0: # 2017.01.17 19:09:33 (*)       Instruction decodes
Info: nios2_qsys_0: # 2017.01.17 19:09:33 (*)       Signals for RTL simulation waveforms
Info: nios2_qsys_0: # 2017.01.17 19:09:33 (*)       Instruction controls
Info: nios2_qsys_0: # 2017.01.17 19:09:33 (*)     Pipeline frontend
Info: nios2_qsys_0: # 2017.01.17 19:09:33 (*)     Pipeline backend
Info: nios2_qsys_0: # 2017.01.17 19:09:36 (*)   Generating RTL from CPU objects
Info: nios2_qsys_0: # 2017.01.17 19:09:39 (*)   Creating encrypted RTL
Info: nios2_qsys_0: # 2017.01.17 19:09:40 (*) Done Nios II generation
Info: nios2_qsys_0: Done RTL generation for module 'nios_e_system_nios2_qsys_0'
Info: nios2_qsys_0: "nios_e_system" instantiated altera_nios2_qsys "nios2_qsys_0"
Info: timer_0: Starting RTL generation for module 'nios_e_system_timer_0'
Info: timer_0:   Generation command is [exec C:/altera/13.0sp1/quartus/bin/perl/bin/perl.exe -I C:/altera/13.0sp1/quartus/common/ip/altera/common/perl/5.8.3 -I C:/altera/13.0sp1/quartus/sopc_builder/bin/europa -I C:/altera/13.0sp1/quartus/sopc_builder/bin/perl_lib -I C:/altera/13.0sp1/quartus/sopc_builder/bin -I C:/altera/13.0sp1/quartus/../ip/altera/sopc_builder_ip/common -I C:/altera/13.0sp1/quartus/../ip/altera/sopc_builder_ip/altera_avalon_timer -- C:/altera/13.0sp1/quartus/../ip/altera/sopc_builder_ip/altera_avalon_timer/generate_rtl.pl --name=nios_e_system_timer_0 --dir=C:/Users/a5a9/AppData/Local/Temp/alt7184_7393393677117123290.dir/0002_timer_0_gen/ --quartus_dir=C:/altera/13.0sp1/quartus --verilog --config=C:/Users/a5a9/AppData/Local/Temp/alt7184_7393393677117123290.dir/0002_timer_0_gen//nios_e_system_timer_0_component_configuration.pl  --do_build_sim=0  ]
Info: timer_0: Done RTL generation for module 'nios_e_system_timer_0'
Info: timer_0: "nios_e_system" instantiated altera_avalon_timer "timer_0"
Info: onchip_memory2_0: Starting RTL generation for module 'nios_e_system_onchip_memory2_0'
Info: onchip_memory2_0:   Generation command is [exec C:/altera/13.0sp1/quartus/bin/perl/bin/perl.exe -I C:/altera/13.0sp1/quartus/common/ip/altera/common/perl/5.8.3 -I C:/altera/13.0sp1/quartus/sopc_builder/bin/europa -I C:/altera/13.0sp1/quartus/sopc_builder/bin/perl_lib -I C:/altera/13.0sp1/quartus/sopc_builder/bin -I C:/altera/13.0sp1/quartus/../ip/altera/sopc_builder_ip/common -I C:/altera/13.0sp1/quartus/../ip/altera/sopc_builder_ip/altera_avalon_onchip_memory2 -- C:/altera/13.0sp1/quartus/../ip/altera/sopc_builder_ip/altera_avalon_onchip_memory2/generate_rtl.pl --name=nios_e_system_onchip_memory2_0 --dir=C:/Users/a5a9/AppData/Local/Temp/alt7184_7393393677117123290.dir/0003_onchip_memory2_0_gen/ --quartus_dir=C:/altera/13.0sp1/quartus --verilog --config=C:/Users/a5a9/AppData/Local/Temp/alt7184_7393393677117123290.dir/0003_onchip_memory2_0_gen//nios_e_system_onchip_memory2_0_component_configuration.pl  --do_build_sim=0  ]
Info: onchip_memory2_0: Done RTL generation for module 'nios_e_system_onchip_memory2_0'
Info: onchip_memory2_0: "nios_e_system" instantiated altera_avalon_onchip_memory2 "onchip_memory2_0"
Info: sdram: Starting RTL generation for module 'nios_e_system_sdram'
Info: sdram:   Generation command is [exec C:/altera/13.0sp1/quartus/bin/perl/bin/perl.exe -I C:/altera/13.0sp1/quartus/common/ip/altera/common/perl/5.8.3 -I C:/altera/13.0sp1/quartus/sopc_builder/bin/europa -I C:/altera/13.0sp1/quartus/sopc_builder/bin/perl_lib -I C:/altera/13.0sp1/quartus/sopc_builder/bin -I C:/altera/13.0sp1/quartus/../ip/altera/sopc_builder_ip/common -I C:/altera/13.0sp1/quartus/../ip/altera/sopc_builder_ip/altera_avalon_new_sdram_controller -- C:/altera/13.0sp1/quartus/../ip/altera/sopc_builder_ip/altera_avalon_new_sdram_controller/generate_rtl.pl --name=nios_e_system_sdram --dir=C:/Users/a5a9/AppData/Local/Temp/alt7184_7393393677117123290.dir/0004_sdram_gen/ --quartus_dir=C:/altera/13.0sp1/quartus --verilog --config=C:/Users/a5a9/AppData/Local/Temp/alt7184_7393393677117123290.dir/0004_sdram_gen//nios_e_system_sdram_component_configuration.pl  --do_build_sim=0  ]
Info: sdram: Done RTL generation for module 'nios_e_system_sdram'
Info: sdram: "nios_e_system" instantiated altera_avalon_new_sdram_controller "sdram"
Info: up_clocks_0: Starting Generation of Required Clocks for DE-Series Boards
Info: up_clocks_0: "nios_e_system" instantiated altera_up_clocks "up_clocks_0"
Info: jtag_uart_0: Starting RTL generation for module 'nios_e_system_jtag_uart_0'
Info: jtag_uart_0:   Generation command is [exec C:/altera/13.0sp1/quartus/bin/perl/bin/perl.exe -I C:/altera/13.0sp1/quartus/common/ip/altera/common/perl/5.8.3 -I C:/altera/13.0sp1/quartus/sopc_builder/bin/europa -I C:/altera/13.0sp1/quartus/sopc_builder/bin/perl_lib -I C:/altera/13.0sp1/quartus/sopc_builder/bin -I C:/altera/13.0sp1/quartus/../ip/altera/sopc_builder_ip/common -I C:/altera/13.0sp1/quartus/../ip/altera/sopc_builder_ip/altera_avalon_jtag_uart -- C:/altera/13.0sp1/quartus/../ip/altera/sopc_builder_ip/altera_avalon_jtag_uart/generate_rtl.pl --name=nios_e_system_jtag_uart_0 --dir=C:/Users/a5a9/AppData/Local/Temp/alt7184_7393393677117123290.dir/0006_jtag_uart_0_gen/ --quartus_dir=C:/altera/13.0sp1/quartus --verilog --config=C:/Users/a5a9/AppData/Local/Temp/alt7184_7393393677117123290.dir/0006_jtag_uart_0_gen//nios_e_system_jtag_uart_0_component_configuration.pl  --do_build_sim=0  ]
Info: jtag_uart_0: Done RTL generation for module 'nios_e_system_jtag_uart_0'
Info: jtag_uart_0: "nios_e_system" instantiated altera_avalon_jtag_uart "jtag_uart_0"
Info: nios2_qsys_0_instruction_master_translator: "nios_e_system" instantiated altera_merlin_master_translator "nios2_qsys_0_instruction_master_translator"
Info: nios2_qsys_0_jtag_debug_module_translator: "nios_e_system" instantiated altera_merlin_slave_translator "nios2_qsys_0_jtag_debug_module_translator"
Info: nios2_qsys_0_instruction_master_translator_avalon_universal_master_0_agent: "nios_e_system" instantiated altera_merlin_master_agent "nios2_qsys_0_instruction_master_translator_avalon_universal_master_0_agent"
Info: nios2_qsys_0_jtag_debug_module_translator_avalon_universal_slave_0_agent: "nios_e_system" instantiated altera_merlin_slave_agent "nios2_qsys_0_jtag_debug_module_translator_avalon_universal_slave_0_agent"
Info: nios2_qsys_0_jtag_debug_module_translator_avalon_universal_slave_0_agent_rsp_fifo: "nios_e_system" instantiated altera_avalon_sc_fifo "nios2_qsys_0_jtag_debug_module_translator_avalon_universal_slave_0_agent_rsp_fifo"
Info: addr_router: "nios_e_system" instantiated altera_merlin_router "addr_router"
Info: addr_router_001: "nios_e_system" instantiated altera_merlin_router "addr_router_001"
Info: id_router: "nios_e_system" instantiated altera_merlin_router "id_router"
Info: id_router_002: "nios_e_system" instantiated altera_merlin_router "id_router_002"
Info: id_router_003: "nios_e_system" instantiated altera_merlin_router "id_router_003"
Info: limiter: "nios_e_system" instantiated altera_merlin_traffic_limiter "limiter"
Info: burst_adapter: "nios_e_system" instantiated altera_merlin_burst_adapter "burst_adapter"
Info: rst_controller: "nios_e_system" instantiated altera_reset_controller "rst_controller"
Info: cmd_xbar_demux: "nios_e_system" instantiated altera_merlin_demultiplexer "cmd_xbar_demux"
Info: cmd_xbar_demux_001: "nios_e_system" instantiated altera_merlin_demultiplexer "cmd_xbar_demux_001"
Info: cmd_xbar_mux: "nios_e_system" instantiated altera_merlin_multiplexer "cmd_xbar_mux"
Info: rsp_xbar_demux: "nios_e_system" instantiated altera_merlin_demultiplexer "rsp_xbar_demux"
Info: rsp_xbar_demux_003: "nios_e_system" instantiated altera_merlin_demultiplexer "rsp_xbar_demux_003"
Info: rsp_xbar_mux: "nios_e_system" instantiated altera_merlin_multiplexer "rsp_xbar_mux"
Info: Reusing file Z:/cpen391/VHDLRefresher/exercise/NIOS/nios_e_system/synthesis/submodules/altera_merlin_arbitrator.sv
Info: rsp_xbar_mux_001: "nios_e_system" instantiated altera_merlin_multiplexer "rsp_xbar_mux_001"
Info: Reusing file Z:/cpen391/VHDLRefresher/exercise/NIOS/nios_e_system/synthesis/submodules/altera_merlin_arbitrator.sv
Info: width_adapter: "nios_e_system" instantiated altera_merlin_width_adapter "width_adapter"
Info: Reusing file Z:/cpen391/VHDLRefresher/exercise/NIOS/nios_e_system/synthesis/submodules/altera_merlin_address_alignment.sv
Info: Reusing file Z:/cpen391/VHDLRefresher/exercise/NIOS/nios_e_system/synthesis/submodules/altera_merlin_burst_uncompressor.sv
Info: irq_mapper: "nios_e_system" instantiated altera_irq_mapper "irq_mapper"
Info: nios_e_system: Done nios_e_system" with 29 modules, 135 files, 2843589 bytes
Info: ip-generate succeeded.
Info: Finished: Create HDL design files for synthesis
